01-Jul-2020 16:52:26.916 INFORMACIÓN [main] org.apache.catalina.startup.VersionLoggerListener.log Nombre de la versión del servidor:   Apache Tomcat/8.5.55

01-Jul-2020 16:52:26.919 INFORMACIÓN [main] org.apache.catalina.startup.VersionLoggerListener.log Server built:          May 5 2020 22:10:54 UTC
01-Jul-2020 16:52:26.919 INFORMACIÓN [main] org.apache.catalina.startup.VersionLoggerListener.log Número de versión de servidor:         8.5.55.0
01-Jul-2020 16:52:26.919 INFORMACIÓN [main] org.apache.catalina.startup.VersionLoggerListener.log OS Name:               Mac OS X
01-Jul-2020 16:52:26.920 INFORMACIÓN [main] org.apache.catalina.startup.VersionLoggerListener.log Versión de Systema Operativo:      10.14.6

01-Jul-2020 16:52:26.921 INFORMACIÓN [main] org.apache.catalina.startup.VersionLoggerListener.log Arquitectura:          x86_64

01-Jul-2020 16:52:26.921 INFORMACIÓN [main] org.apache.catalina.startup.VersionLoggerListener.log Java Home:             /Library/Java/JavaVirtualMachines/jdk1.8.0_144.jdk/Contents/Home/jre
01-Jul-2020 16:52:26.923 INFORMACIÓN [main] org.apache.catalina.startup.VersionLoggerListener.log JVM Version:           1.8.0_144-b01
01-Jul-2020 16:52:26.926 INFORMACIÓN [main] org.apache.catalina.startup.VersionLoggerListener.log Vededor JVM:     Oracle Corporation
01-Jul-2020 16:52:26.926 INFORMACIÓN [main] org.apache.catalina.startup.VersionLoggerListener.log CATALINA_BASE:         /Users/joaoemilio/wso2/projects/banco-pichincha/capacitacion/talos/apps/tomcat
01-Jul-2020 16:52:26.926 INFORMACIÓN [main] org.apache.catalina.startup.VersionLoggerListener.log CATALINA_HOME:         /Users/joaoemilio/wso2/projects/banco-pichincha/capacitacion/talos/apps/tomcat
01-Jul-2020 16:52:26.927 INFORMACIÓN [main] org.apache.catalina.startup.VersionLoggerListener.log Command line argument: -Djava.util.logging.config.file=/Users/joaoemilio/wso2/projects/banco-pichincha/capacitacion/talos/apps/tomcat/conf/logging.properties
01-Jul-2020 16:52:26.928 INFORMACIÓN [main] org.apache.catalina.startup.VersionLoggerListener.log Command line argument: -Djava.util.logging.manager=org.apache.juli.ClassLoaderLogManager
01-Jul-2020 16:52:26.928 INFORMACIÓN [main] org.apache.catalina.startup.VersionLoggerListener.log Command line argument: -Djdk.tls.ephemeralDHKeySize=2048
01-Jul-2020 16:52:26.928 INFORMACIÓN [main] org.apache.catalina.startup.VersionLoggerListener.log Command line argument: -Djava.protocol.handler.pkgs=org.apache.catalina.webresources
01-Jul-2020 16:52:26.928 INFORMACIÓN [main] org.apache.catalina.startup.VersionLoggerListener.log Command line argument: -Dorg.apache.catalina.security.SecurityListener.UMASK=0027
01-Jul-2020 16:52:26.932 INFORMACIÓN [main] org.apache.catalina.startup.VersionLoggerListener.log Command line argument: -Dignore.endorsed.dirs=
01-Jul-2020 16:52:26.933 INFORMACIÓN [main] org.apache.catalina.startup.VersionLoggerListener.log Command line argument: -Dcatalina.base=/Users/joaoemilio/wso2/projects/banco-pichincha/capacitacion/talos/apps/tomcat
01-Jul-2020 16:52:26.934 INFORMACIÓN [main] org.apache.catalina.startup.VersionLoggerListener.log Command line argument: -Dcatalina.home=/Users/joaoemilio/wso2/projects/banco-pichincha/capacitacion/talos/apps/tomcat
01-Jul-2020 16:52:26.934 INFORMACIÓN [main] org.apache.catalina.startup.VersionLoggerListener.log Command line argument: -Djava.io.tmpdir=/Users/joaoemilio/wso2/projects/banco-pichincha/capacitacion/talos/apps/tomcat/temp
01-Jul-2020 16:52:26.934 INFORMACIÓN [main] org.apache.catalina.core.AprLifecycleListener.lifecycleEvent La biblioteca nativa de Apache Tomcat basada en ARP que permite un rendimiento óptimo en entornos de desarrollo no ha sido hallada en java.library.path: [/Users/joaoemilio/Library/Java/Extensions:/Library/Java/Extensions:/Network/Library/Java/Extensions:/System/Library/Java/Extensions:/usr/lib/java:.]
01-Jul-2020 16:52:27.157 INFORMACIÓN [main] org.apache.coyote.AbstractProtocol.init Inicializando el manejador de protocolo ["http-nio-8080"]

01-Jul-2020 16:52:27.189 INFORMACIÓN [main] org.apache.tomcat.util.net.NioSelectorPool.getSharedSelector Using a shared selector for servlet write/read
01-Jul-2020 16:52:27.216 INFORMACIÓN [main] org.apache.catalina.startup.Catalina.load Initialization processed in 827 ms
01-Jul-2020 16:52:27.279 INFORMACIÓN [main] org.apache.catalina.core.StandardService.startInternal Arrancando servicio [Catalina]
01-Jul-2020 16:52:27.279 INFORMACIÓN [main] org.apache.catalina.core.StandardEngine.startInternal Starting Servlet Engine: Apache Tomcat/8.5.55
01-Jul-2020 16:52:27.446 INFORMACIÓN [localhost-startStop-1] org.apache.catalina.startup.HostConfig.deployWAR Despliegue del archivo [/Users/joaoemilio/wso2/projects/banco-pichincha/capacitacion/talos/apps/tomcat/webapps/pickup-manager.war] de la aplicación web
01-Jul-2020 16:52:30.021 INFORMACIÓN [localhost-startStop-1] org.apache.jasper.servlet.TldScanner.scanJars Al menos un JAR, que se ha explorado buscando TLDs, aún no contenía TLDs. Activar historial de depuración para este historiador para una completa lista de los JARs que fueron explorados y de los que nos se halló TLDs. Saltarse JARs no necesarios durante la exploración puede dar lugar a una mejora de tiempo significativa en el arranque y compilación de JSP .
01-Jul-2020 16:52:30.125 INFORMACIÓN [localhost-startStop-1] org.wso2.sample.identity.jks.JKSLoader.contextInitialized Setting trust store path to : /Users/joaoemilio/wso2/projects/banco-pichincha/capacitacion/talos/apps/tomcat/webapps/pickup-manager/WEB-INF/classes/wso2carbon.jks
01-Jul-2020 16:53:00.478 GRAVE [localhost-startStop-1] org.wso2.samples.claims.manager.ClaimManagerProxy.getClaimManagementResponse Error while retrieving response.
	java.net.SocketException: Connection reset
		at java.net.SocketInputStream.read(SocketInputStream.java:210)
		at java.net.SocketInputStream.read(SocketInputStream.java:141)
		at sun.security.ssl.InputRecord.readFully(InputRecord.java:465)
		at sun.security.ssl.InputRecord.read(InputRecord.java:503)
		at sun.security.ssl.SSLSocketImpl.readRecord(SSLSocketImpl.java:983)
		at sun.security.ssl.SSLSocketImpl.performInitialHandshake(SSLSocketImpl.java:1385)
		at sun.security.ssl.SSLSocketImpl.startHandshake(SSLSocketImpl.java:1413)
		at sun.security.ssl.SSLSocketImpl.startHandshake(SSLSocketImpl.java:1397)
		at sun.net.www.protocol.https.HttpsClient.afterConnect(HttpsClient.java:559)
		at sun.net.www.protocol.https.AbstractDelegateHttpsURLConnection.connect(AbstractDelegateHttpsURLConnection.java:185)
		at sun.net.www.protocol.http.HttpURLConnection.getOutputStream0(HttpURLConnection.java:1316)
		at sun.net.www.protocol.http.HttpURLConnection.getOutputStream(HttpURLConnection.java:1291)
		at sun.net.www.protocol.https.HttpsURLConnectionImpl.getOutputStream(HttpsURLConnectionImpl.java:250)
		at org.wso2.samples.claims.manager.ClaimManagerProxy.getClaimManagementResponse(ClaimManagerProxy.java:261)
		at org.wso2.samples.claims.manager.ClaimManagerProxy.getOIDCDialectNodes(ClaimManagerProxy.java:192)
		at org.wso2.samples.claims.manager.ClaimManagerProxy.<init>(ClaimManagerProxy.java:74)
		at org.wso2.sample.identity.oauth2.SampleContextEventListener.contextInitialized(SampleContextEventListener.java:50)
		at org.apache.catalina.core.StandardContext.listenerStart(StandardContext.java:4697)
		at org.apache.catalina.core.StandardContext.startInternal(StandardContext.java:5163)
		at org.apache.catalina.util.LifecycleBase.start(LifecycleBase.java:183)
		at org.apache.catalina.core.ContainerBase.addChildInternal(ContainerBase.java:743)
		at org.apache.catalina.core.ContainerBase.addChild(ContainerBase.java:719)
		at org.apache.catalina.core.StandardHost.addChild(StandardHost.java:705)
		at org.apache.catalina.startup.HostConfig.deployWAR(HostConfig.java:970)
		at org.apache.catalina.startup.HostConfig$DeployWar.run(HostConfig.java:1840)
		at java.util.concurrent.Executors$RunnableAdapter.call(Executors.java:511)
		at java.util.concurrent.FutureTask.run(FutureTask.java:266)
		at java.util.concurrent.ThreadPoolExecutor.runWorker(ThreadPoolExecutor.java:1149)
		at java.util.concurrent.ThreadPoolExecutor$Worker.run(ThreadPoolExecutor.java:624)
		at java.lang.Thread.run(Thread.java:748)
01-Jul-2020 16:53:00.501 GRAVE [localhost-startStop-1] org.wso2.samples.claims.manager.ClaimManagerProxy.getOIDCDialectNodes Error while parsing claim SOAP response. Response will be ignored.
	org.xml.sax.SAXParseException; Premature end of file.
		at org.apache.xerces.parsers.DOMParser.parse(Unknown Source)
		at org.apache.xerces.jaxp.DocumentBuilderImpl.parse(Unknown Source)
		at javax.xml.parsers.DocumentBuilder.parse(DocumentBuilder.java:121)
		at org.wso2.samples.claims.manager.ClaimManagerProxy.getOIDCDialectNodes(ClaimManagerProxy.java:198)
		at org.wso2.samples.claims.manager.ClaimManagerProxy.<init>(ClaimManagerProxy.java:74)
		at org.wso2.sample.identity.oauth2.SampleContextEventListener.contextInitialized(SampleContextEventListener.java:50)
		at org.apache.catalina.core.StandardContext.listenerStart(StandardContext.java:4697)
		at org.apache.catalina.core.StandardContext.startInternal(StandardContext.java:5163)
		at org.apache.catalina.util.LifecycleBase.start(LifecycleBase.java:183)
		at org.apache.catalina.core.ContainerBase.addChildInternal(ContainerBase.java:743)
		at org.apache.catalina.core.ContainerBase.addChild(ContainerBase.java:719)
		at org.apache.catalina.core.StandardHost.addChild(StandardHost.java:705)
		at org.apache.catalina.startup.HostConfig.deployWAR(HostConfig.java:970)
		at org.apache.catalina.startup.HostConfig$DeployWar.run(HostConfig.java:1840)
		at java.util.concurrent.Executors$RunnableAdapter.call(Executors.java:511)
		at java.util.concurrent.FutureTask.run(FutureTask.java:266)
		at java.util.concurrent.ThreadPoolExecutor.runWorker(ThreadPoolExecutor.java:1149)
		at java.util.concurrent.ThreadPoolExecutor$Worker.run(ThreadPoolExecutor.java:624)
		at java.lang.Thread.run(Thread.java:748)
01-Jul-2020 16:53:09.411 GRAVE [localhost-startStop-1] org.wso2.samples.claims.manager.ClaimManagerProxy.getClaimManagementResponse Error while retrieving response.
	java.net.SocketException: Connection reset
		at java.net.SocketInputStream.read(SocketInputStream.java:210)
		at java.net.SocketInputStream.read(SocketInputStream.java:141)
		at sun.security.ssl.InputRecord.readFully(InputRecord.java:465)
		at sun.security.ssl.InputRecord.read(InputRecord.java:503)
		at sun.security.ssl.SSLSocketImpl.readRecord(SSLSocketImpl.java:983)
		at sun.security.ssl.SSLSocketImpl.performInitialHandshake(SSLSocketImpl.java:1385)
		at sun.security.ssl.SSLSocketImpl.startHandshake(SSLSocketImpl.java:1413)
		at sun.security.ssl.SSLSocketImpl.startHandshake(SSLSocketImpl.java:1397)
		at sun.net.www.protocol.https.HttpsClient.afterConnect(HttpsClient.java:559)
		at sun.net.www.protocol.https.AbstractDelegateHttpsURLConnection.connect(AbstractDelegateHttpsURLConnection.java:185)
		at sun.net.www.protocol.http.HttpURLConnection.getOutputStream0(HttpURLConnection.java:1316)
		at sun.net.www.protocol.http.HttpURLConnection.getOutputStream(HttpURLConnection.java:1291)
		at sun.net.www.protocol.https.HttpsURLConnectionImpl.getOutputStream(HttpsURLConnectionImpl.java:250)
		at org.wso2.samples.claims.manager.ClaimManagerProxy.getClaimManagementResponse(ClaimManagerProxy.java:261)
		at org.wso2.samples.claims.manager.ClaimManagerProxy.getLocalClaimNodes(ClaimManagerProxy.java:225)
		at org.wso2.samples.claims.manager.ClaimManagerProxy.<init>(ClaimManagerProxy.java:75)
		at org.wso2.sample.identity.oauth2.SampleContextEventListener.contextInitialized(SampleContextEventListener.java:50)
		at org.apache.catalina.core.StandardContext.listenerStart(StandardContext.java:4697)
		at org.apache.catalina.core.StandardContext.startInternal(StandardContext.java:5163)
		at org.apache.catalina.util.LifecycleBase.start(LifecycleBase.java:183)
		at org.apache.catalina.core.ContainerBase.addChildInternal(ContainerBase.java:743)
		at org.apache.catalina.core.ContainerBase.addChild(ContainerBase.java:719)
		at org.apache.catalina.core.StandardHost.addChild(StandardHost.java:705)
		at org.apache.catalina.startup.HostConfig.deployWAR(HostConfig.java:970)
		at org.apache.catalina.startup.HostConfig$DeployWar.run(HostConfig.java:1840)
		at java.util.concurrent.Executors$RunnableAdapter.call(Executors.java:511)
		at java.util.concurrent.FutureTask.run(FutureTask.java:266)
		at java.util.concurrent.ThreadPoolExecutor.runWorker(ThreadPoolExecutor.java:1149)
		at java.util.concurrent.ThreadPoolExecutor$Worker.run(ThreadPoolExecutor.java:624)
		at java.lang.Thread.run(Thread.java:748)
01-Jul-2020 16:53:09.414 GRAVE [localhost-startStop-1] org.wso2.samples.claims.manager.ClaimManagerProxy.getLocalClaimNodes Error while parsing claim SOAP response. Response will be ignored.
	org.xml.sax.SAXParseException; Premature end of file.
		at org.apache.xerces.parsers.DOMParser.parse(Unknown Source)
		at org.apache.xerces.jaxp.DocumentBuilderImpl.parse(Unknown Source)
		at javax.xml.parsers.DocumentBuilder.parse(DocumentBuilder.java:121)
		at org.wso2.samples.claims.manager.ClaimManagerProxy.getLocalClaimNodes(ClaimManagerProxy.java:231)
		at org.wso2.samples.claims.manager.ClaimManagerProxy.<init>(ClaimManagerProxy.java:75)
		at org.wso2.sample.identity.oauth2.SampleContextEventListener.contextInitialized(SampleContextEventListener.java:50)
		at org.apache.catalina.core.StandardContext.listenerStart(StandardContext.java:4697)
		at org.apache.catalina.core.StandardContext.startInternal(StandardContext.java:5163)
		at org.apache.catalina.util.LifecycleBase.start(LifecycleBase.java:183)
		at org.apache.catalina.core.ContainerBase.addChildInternal(ContainerBase.java:743)
		at org.apache.catalina.core.ContainerBase.addChild(ContainerBase.java:719)
		at org.apache.catalina.core.StandardHost.addChild(StandardHost.java:705)
		at org.apache.catalina.startup.HostConfig.deployWAR(HostConfig.java:970)
		at org.apache.catalina.startup.HostConfig$DeployWar.run(HostConfig.java:1840)
		at java.util.concurrent.Executors$RunnableAdapter.call(Executors.java:511)
		at java.util.concurrent.FutureTask.run(FutureTask.java:266)
		at java.util.concurrent.ThreadPoolExecutor.runWorker(ThreadPoolExecutor.java:1149)
		at java.util.concurrent.ThreadPoolExecutor$Worker.run(ThreadPoolExecutor.java:624)
		at java.lang.Thread.run(Thread.java:748)
01-Jul-2020 16:53:09.460 INFORMACIÓN [localhost-startStop-1] org.apache.catalina.startup.HostConfig.deployWAR Deployment of web application archive [/Users/joaoemilio/wso2/projects/banco-pichincha/capacitacion/talos/apps/tomcat/webapps/pickup-manager.war] has finished in [42.011] ms
01-Jul-2020 16:53:09.498 INFORMACIÓN [localhost-startStop-1] org.apache.catalina.startup.HostConfig.deployWAR Despliegue del archivo [/Users/joaoemilio/wso2/projects/banco-pichincha/capacitacion/talos/apps/tomcat/webapps/pickup-dispatch.war] de la aplicación web
01-Jul-2020 16:53:12.181 INFORMACIÓN [localhost-startStop-1] org.apache.jasper.servlet.TldScanner.scanJars Al menos un JAR, que se ha explorado buscando TLDs, aún no contenía TLDs. Activar historial de depuración para este historiador para una completa lista de los JARs que fueron explorados y de los que nos se halló TLDs. Saltarse JARs no necesarios durante la exploración puede dar lugar a una mejora de tiempo significativa en el arranque y compilación de JSP .
01-Jul-2020 16:53:12.224 INFORMACIÓN [localhost-startStop-1] org.wso2.sample.identity.jks.JKSLoader.contextInitialized Setting trust store path to : /Users/joaoemilio/wso2/projects/banco-pichincha/capacitacion/talos/apps/tomcat/webapps/pickup-dispatch/WEB-INF/classes/wso2carbon.jks
01-Jul-2020 16:53:12.230 GRAVE [localhost-startStop-1] org.wso2.samples.claims.manager.ClaimManagerProxy.getClaimManagementResponse Error while retrieving response.
	java.net.ConnectException: Connection refused (Connection refused)
		at java.net.PlainSocketImpl.socketConnect(Native Method)
		at java.net.AbstractPlainSocketImpl.doConnect(AbstractPlainSocketImpl.java:350)
		at java.net.AbstractPlainSocketImpl.connectToAddress(AbstractPlainSocketImpl.java:206)
		at java.net.AbstractPlainSocketImpl.connect(AbstractPlainSocketImpl.java:188)
		at java.net.SocksSocketImpl.connect(SocksSocketImpl.java:392)
		at java.net.Socket.connect(Socket.java:589)
		at sun.security.ssl.SSLSocketImpl.connect(SSLSocketImpl.java:673)
		at sun.security.ssl.BaseSSLSocketImpl.connect(BaseSSLSocketImpl.java:173)
		at sun.net.NetworkClient.doConnect(NetworkClient.java:180)
		at sun.net.www.http.HttpClient.openServer(HttpClient.java:463)
		at sun.net.www.http.HttpClient.openServer(HttpClient.java:558)
		at sun.net.www.protocol.https.HttpsClient.<init>(HttpsClient.java:264)
		at sun.net.www.protocol.https.HttpsClient.New(HttpsClient.java:367)
		at sun.net.www.protocol.https.AbstractDelegateHttpsURLConnection.getNewHttpClient(AbstractDelegateHttpsURLConnection.java:191)
		at sun.net.www.protocol.http.HttpURLConnection.plainConnect0(HttpURLConnection.java:1138)
		at sun.net.www.protocol.http.HttpURLConnection.plainConnect(HttpURLConnection.java:1032)
		at sun.net.www.protocol.https.AbstractDelegateHttpsURLConnection.connect(AbstractDelegateHttpsURLConnection.java:177)
		at sun.net.www.protocol.http.HttpURLConnection.getOutputStream0(HttpURLConnection.java:1316)
		at sun.net.www.protocol.http.HttpURLConnection.getOutputStream(HttpURLConnection.java:1291)
		at sun.net.www.protocol.https.HttpsURLConnectionImpl.getOutputStream(HttpsURLConnectionImpl.java:250)
		at org.wso2.samples.claims.manager.ClaimManagerProxy.getClaimManagementResponse(ClaimManagerProxy.java:261)
		at org.wso2.samples.claims.manager.ClaimManagerProxy.getOIDCDialectNodes(ClaimManagerProxy.java:192)
		at org.wso2.samples.claims.manager.ClaimManagerProxy.<init>(ClaimManagerProxy.java:74)
		at org.wso2.sample.identity.oauth2.SampleContextEventListener.contextInitialized(SampleContextEventListener.java:50)
		at org.apache.catalina.core.StandardContext.listenerStart(StandardContext.java:4697)
		at org.apache.catalina.core.StandardContext.startInternal(StandardContext.java:5163)
		at org.apache.catalina.util.LifecycleBase.start(LifecycleBase.java:183)
		at org.apache.catalina.core.ContainerBase.addChildInternal(ContainerBase.java:743)
		at org.apache.catalina.core.ContainerBase.addChild(ContainerBase.java:719)
		at org.apache.catalina.core.StandardHost.addChild(StandardHost.java:705)
		at org.apache.catalina.startup.HostConfig.deployWAR(HostConfig.java:970)
		at org.apache.catalina.startup.HostConfig$DeployWar.run(HostConfig.java:1840)
		at java.util.concurrent.Executors$RunnableAdapter.call(Executors.java:511)
		at java.util.concurrent.FutureTask.run(FutureTask.java:266)
		at java.util.concurrent.ThreadPoolExecutor.runWorker(ThreadPoolExecutor.java:1149)
		at java.util.concurrent.ThreadPoolExecutor$Worker.run(ThreadPoolExecutor.java:624)
		at java.lang.Thread.run(Thread.java:748)
01-Jul-2020 16:53:12.266 GRAVE [localhost-startStop-1] org.wso2.samples.claims.manager.ClaimManagerProxy.getOIDCDialectNodes Error while parsing claim SOAP response. Response will be ignored.
	org.xml.sax.SAXParseException; Premature end of file.
		at org.apache.xerces.parsers.DOMParser.parse(Unknown Source)
		at org.apache.xerces.jaxp.DocumentBuilderImpl.parse(Unknown Source)
		at javax.xml.parsers.DocumentBuilder.parse(DocumentBuilder.java:121)
		at org.wso2.samples.claims.manager.ClaimManagerProxy.getOIDCDialectNodes(ClaimManagerProxy.java:198)
		at org.wso2.samples.claims.manager.ClaimManagerProxy.<init>(ClaimManagerProxy.java:74)
		at org.wso2.sample.identity.oauth2.SampleContextEventListener.contextInitialized(SampleContextEventListener.java:50)
		at org.apache.catalina.core.StandardContext.listenerStart(StandardContext.java:4697)
		at org.apache.catalina.core.StandardContext.startInternal(StandardContext.java:5163)
		at org.apache.catalina.util.LifecycleBase.start(LifecycleBase.java:183)
		at org.apache.catalina.core.ContainerBase.addChildInternal(ContainerBase.java:743)
		at org.apache.catalina.core.ContainerBase.addChild(ContainerBase.java:719)
		at org.apache.catalina.core.StandardHost.addChild(StandardHost.java:705)
		at org.apache.catalina.startup.HostConfig.deployWAR(HostConfig.java:970)
		at org.apache.catalina.startup.HostConfig$DeployWar.run(HostConfig.java:1840)
		at java.util.concurrent.Executors$RunnableAdapter.call(Executors.java:511)
		at java.util.concurrent.FutureTask.run(FutureTask.java:266)
		at java.util.concurrent.ThreadPoolExecutor.runWorker(ThreadPoolExecutor.java:1149)
		at java.util.concurrent.ThreadPoolExecutor$Worker.run(ThreadPoolExecutor.java:624)
		at java.lang.Thread.run(Thread.java:748)
01-Jul-2020 16:53:12.267 GRAVE [localhost-startStop-1] org.wso2.samples.claims.manager.ClaimManagerProxy.getClaimManagementResponse Error while retrieving response.
	java.net.ConnectException: Connection refused (Connection refused)
		at java.net.PlainSocketImpl.socketConnect(Native Method)
		at java.net.AbstractPlainSocketImpl.doConnect(AbstractPlainSocketImpl.java:350)
		at java.net.AbstractPlainSocketImpl.connectToAddress(AbstractPlainSocketImpl.java:206)
		at java.net.AbstractPlainSocketImpl.connect(AbstractPlainSocketImpl.java:188)
		at java.net.SocksSocketImpl.connect(SocksSocketImpl.java:392)
		at java.net.Socket.connect(Socket.java:589)
		at sun.security.ssl.SSLSocketImpl.connect(SSLSocketImpl.java:673)
		at sun.security.ssl.BaseSSLSocketImpl.connect(BaseSSLSocketImpl.java:173)
		at sun.net.NetworkClient.doConnect(NetworkClient.java:180)
		at sun.net.www.http.HttpClient.openServer(HttpClient.java:463)
		at sun.net.www.http.HttpClient.openServer(HttpClient.java:558)
		at sun.net.www.protocol.https.HttpsClient.<init>(HttpsClient.java:264)
		at sun.net.www.protocol.https.HttpsClient.New(HttpsClient.java:367)
		at sun.net.www.protocol.https.AbstractDelegateHttpsURLConnection.getNewHttpClient(AbstractDelegateHttpsURLConnection.java:191)
		at sun.net.www.protocol.http.HttpURLConnection.plainConnect0(HttpURLConnection.java:1138)
		at sun.net.www.protocol.http.HttpURLConnection.plainConnect(HttpURLConnection.java:1032)
		at sun.net.www.protocol.https.AbstractDelegateHttpsURLConnection.connect(AbstractDelegateHttpsURLConnection.java:177)
		at sun.net.www.protocol.http.HttpURLConnection.getOutputStream0(HttpURLConnection.java:1316)
		at sun.net.www.protocol.http.HttpURLConnection.getOutputStream(HttpURLConnection.java:1291)
		at sun.net.www.protocol.https.HttpsURLConnectionImpl.getOutputStream(HttpsURLConnectionImpl.java:250)
		at org.wso2.samples.claims.manager.ClaimManagerProxy.getClaimManagementResponse(ClaimManagerProxy.java:261)
		at org.wso2.samples.claims.manager.ClaimManagerProxy.getLocalClaimNodes(ClaimManagerProxy.java:225)
		at org.wso2.samples.claims.manager.ClaimManagerProxy.<init>(ClaimManagerProxy.java:75)
		at org.wso2.sample.identity.oauth2.SampleContextEventListener.contextInitialized(SampleContextEventListener.java:50)
		at org.apache.catalina.core.StandardContext.listenerStart(StandardContext.java:4697)
		at org.apache.catalina.core.StandardContext.startInternal(StandardContext.java:5163)
		at org.apache.catalina.util.LifecycleBase.start(LifecycleBase.java:183)
		at org.apache.catalina.core.ContainerBase.addChildInternal(ContainerBase.java:743)
		at org.apache.catalina.core.ContainerBase.addChild(ContainerBase.java:719)
		at org.apache.catalina.core.StandardHost.addChild(StandardHost.java:705)
		at org.apache.catalina.startup.HostConfig.deployWAR(HostConfig.java:970)
		at org.apache.catalina.startup.HostConfig$DeployWar.run(HostConfig.java:1840)
		at java.util.concurrent.Executors$RunnableAdapter.call(Executors.java:511)
		at java.util.concurrent.FutureTask.run(FutureTask.java:266)
		at java.util.concurrent.ThreadPoolExecutor.runWorker(ThreadPoolExecutor.java:1149)
		at java.util.concurrent.ThreadPoolExecutor$Worker.run(ThreadPoolExecutor.java:624)
		at java.lang.Thread.run(Thread.java:748)
01-Jul-2020 16:53:12.269 GRAVE [localhost-startStop-1] org.wso2.samples.claims.manager.ClaimManagerProxy.getLocalClaimNodes Error while parsing claim SOAP response. Response will be ignored.
	org.xml.sax.SAXParseException; Premature end of file.
		at org.apache.xerces.parsers.DOMParser.parse(Unknown Source)
		at org.apache.xerces.jaxp.DocumentBuilderImpl.parse(Unknown Source)
		at javax.xml.parsers.DocumentBuilder.parse(DocumentBuilder.java:121)
		at org.wso2.samples.claims.manager.ClaimManagerProxy.getLocalClaimNodes(ClaimManagerProxy.java:231)
		at org.wso2.samples.claims.manager.ClaimManagerProxy.<init>(ClaimManagerProxy.java:75)
		at org.wso2.sample.identity.oauth2.SampleContextEventListener.contextInitialized(SampleContextEventListener.java:50)
		at org.apache.catalina.core.StandardContext.listenerStart(StandardContext.java:4697)
		at org.apache.catalina.core.StandardContext.startInternal(StandardContext.java:5163)
		at org.apache.catalina.util.LifecycleBase.start(LifecycleBase.java:183)
		at org.apache.catalina.core.ContainerBase.addChildInternal(ContainerBase.java:743)
		at org.apache.catalina.core.ContainerBase.addChild(ContainerBase.java:719)
		at org.apache.catalina.core.StandardHost.addChild(StandardHost.java:705)
		at org.apache.catalina.startup.HostConfig.deployWAR(HostConfig.java:970)
		at org.apache.catalina.startup.HostConfig$DeployWar.run(HostConfig.java:1840)
		at java.util.concurrent.Executors$RunnableAdapter.call(Executors.java:511)
		at java.util.concurrent.FutureTask.run(FutureTask.java:266)
		at java.util.concurrent.ThreadPoolExecutor.runWorker(ThreadPoolExecutor.java:1149)
		at java.util.concurrent.ThreadPoolExecutor$Worker.run(ThreadPoolExecutor.java:624)
		at java.lang.Thread.run(Thread.java:748)
01-Jul-2020 16:53:12.273 INFORMACIÓN [localhost-startStop-1] org.apache.catalina.startup.HostConfig.deployWAR Deployment of web application archive [/Users/joaoemilio/wso2/projects/banco-pichincha/capacitacion/talos/apps/tomcat/webapps/pickup-dispatch.war] has finished in [2.775] ms
01-Jul-2020 16:53:12.274 INFORMACIÓN [localhost-startStop-1] org.apache.catalina.startup.HostConfig.deployDirectory Desplegando el directorio [/Users/joaoemilio/wso2/projects/banco-pichincha/capacitacion/talos/apps/tomcat/webapps/docs] de la aplicación web
01-Jul-2020 16:53:12.302 INFORMACIÓN [localhost-startStop-1] org.apache.catalina.startup.HostConfig.deployDirectory Deployment of web application directory [/Users/joaoemilio/wso2/projects/banco-pichincha/capacitacion/talos/apps/tomcat/webapps/docs] has finished in [28] ms
01-Jul-2020 16:53:12.302 INFORMACIÓN [localhost-startStop-1] org.apache.catalina.startup.HostConfig.deployDirectory Desplegando el directorio [/Users/joaoemilio/wso2/projects/banco-pichincha/capacitacion/talos/apps/tomcat/webapps/manager] de la aplicación web
01-Jul-2020 16:53:12.343 INFORMACIÓN [localhost-startStop-1] org.apache.catalina.startup.HostConfig.deployDirectory Deployment of web application directory [/Users/joaoemilio/wso2/projects/banco-pichincha/capacitacion/talos/apps/tomcat/webapps/manager] has finished in [41] ms
01-Jul-2020 16:53:12.343 INFORMACIÓN [localhost-startStop-1] org.apache.catalina.startup.HostConfig.deployDirectory Desplegando el directorio [/Users/joaoemilio/wso2/projects/banco-pichincha/capacitacion/talos/apps/tomcat/webapps/examples] de la aplicación web
01-Jul-2020 16:53:16.254 INFORMACIÓN [localhost-startStop-1] org.apache.catalina.startup.HostConfig.deployDirectory Deployment of web application directory [/Users/joaoemilio/wso2/projects/banco-pichincha/capacitacion/talos/apps/tomcat/webapps/examples] has finished in [3.911] ms
01-Jul-2020 16:53:16.255 INFORMACIÓN [localhost-startStop-1] org.apache.catalina.startup.HostConfig.deployDirectory Desplegando el directorio [/Users/joaoemilio/wso2/projects/banco-pichincha/capacitacion/talos/apps/tomcat/webapps/ROOT] de la aplicación web
01-Jul-2020 16:53:16.272 INFORMACIÓN [localhost-startStop-1] org.apache.catalina.startup.HostConfig.deployDirectory Deployment of web application directory [/Users/joaoemilio/wso2/projects/banco-pichincha/capacitacion/talos/apps/tomcat/webapps/ROOT] has finished in [16] ms
01-Jul-2020 16:53:16.272 INFORMACIÓN [localhost-startStop-1] org.apache.catalina.startup.HostConfig.deployDirectory Desplegando el directorio [/Users/joaoemilio/wso2/projects/banco-pichincha/capacitacion/talos/apps/tomcat/webapps/host-manager] de la aplicación web
01-Jul-2020 16:53:16.294 INFORMACIÓN [localhost-startStop-1] org.apache.catalina.startup.HostConfig.deployDirectory Deployment of web application directory [/Users/joaoemilio/wso2/projects/banco-pichincha/capacitacion/talos/apps/tomcat/webapps/host-manager] has finished in [22] ms
01-Jul-2020 16:53:16.306 INFORMACIÓN [main] org.apache.coyote.AbstractProtocol.start Starting ProtocolHandler ["http-nio-8080"]
01-Jul-2020 16:53:16.318 INFORMACIÓN [main] org.apache.catalina.startup.Catalina.start Server startup in 49102 ms
01-Jul-2020 16:54:47.846 INFORMACIÓN [Thread-4] org.apache.coyote.AbstractProtocol.pause Pausing ProtocolHandler ["http-nio-8080"]
01-Jul-2020 16:54:47.853 INFORMACIÓN [Thread-4] org.apache.catalina.core.StandardService.stopInternal Parando servicio [Catalina]
01-Jul-2020 16:54:47.921 INFORMACIÓN [Thread-4] org.apache.coyote.AbstractProtocol.stop Stopping ProtocolHandler ["http-nio-8080"]
01-Jul-2020 16:54:47.925 INFORMACIÓN [Thread-4] org.apache.coyote.AbstractProtocol.destroy Destroying ProtocolHandler ["http-nio-8080"]
01-Jul-2020 16:54:50.033 INFORMACIÓN [main] org.apache.catalina.startup.VersionLoggerListener.log Nombre de la versión del servidor:   Apache Tomcat/8.5.55

01-Jul-2020 16:54:50.036 INFORMACIÓN [main] org.apache.catalina.startup.VersionLoggerListener.log Server built:          May 5 2020 22:10:54 UTC
01-Jul-2020 16:54:50.036 INFORMACIÓN [main] org.apache.catalina.startup.VersionLoggerListener.log Número de versión de servidor:         8.5.55.0
01-Jul-2020 16:54:50.036 INFORMACIÓN [main] org.apache.catalina.startup.VersionLoggerListener.log OS Name:               Mac OS X
01-Jul-2020 16:54:50.036 INFORMACIÓN [main] org.apache.catalina.startup.VersionLoggerListener.log Versión de Systema Operativo:      10.14.6

01-Jul-2020 16:54:50.036 INFORMACIÓN [main] org.apache.catalina.startup.VersionLoggerListener.log Arquitectura:          x86_64

01-Jul-2020 16:54:50.036 INFORMACIÓN [main] org.apache.catalina.startup.VersionLoggerListener.log Java Home:             /Library/Java/JavaVirtualMachines/jdk1.8.0_144.jdk/Contents/Home/jre
01-Jul-2020 16:54:50.037 INFORMACIÓN [main] org.apache.catalina.startup.VersionLoggerListener.log JVM Version:           1.8.0_144-b01
01-Jul-2020 16:54:50.037 INFORMACIÓN [main] org.apache.catalina.startup.VersionLoggerListener.log Vededor JVM:     Oracle Corporation
01-Jul-2020 16:54:50.037 INFORMACIÓN [main] org.apache.catalina.startup.VersionLoggerListener.log CATALINA_BASE:         /Users/joaoemilio/wso2/projects/banco-pichincha/capacitacion/talos/apps/tomcat
01-Jul-2020 16:54:50.037 INFORMACIÓN [main] org.apache.catalina.startup.VersionLoggerListener.log CATALINA_HOME:         /Users/joaoemilio/wso2/projects/banco-pichincha/capacitacion/talos/apps/tomcat
01-Jul-2020 16:54:50.039 INFORMACIÓN [main] org.apache.catalina.startup.VersionLoggerListener.log Command line argument: -Djava.util.logging.config.file=/Users/joaoemilio/wso2/projects/banco-pichincha/capacitacion/talos/apps/tomcat/conf/logging.properties
01-Jul-2020 16:54:50.039 INFORMACIÓN [main] org.apache.catalina.startup.VersionLoggerListener.log Command line argument: -Djava.util.logging.manager=org.apache.juli.ClassLoaderLogManager
01-Jul-2020 16:54:50.039 INFORMACIÓN [main] org.apache.catalina.startup.VersionLoggerListener.log Command line argument: -Djdk.tls.ephemeralDHKeySize=2048
01-Jul-2020 16:54:50.054 INFORMACIÓN [main] org.apache.catalina.startup.VersionLoggerListener.log Command line argument: -Djava.protocol.handler.pkgs=org.apache.catalina.webresources
01-Jul-2020 16:54:50.054 INFORMACIÓN [main] org.apache.catalina.startup.VersionLoggerListener.log Command line argument: -Dorg.apache.catalina.security.SecurityListener.UMASK=0027
01-Jul-2020 16:54:50.055 INFORMACIÓN [main] org.apache.catalina.startup.VersionLoggerListener.log Command line argument: -Dignore.endorsed.dirs=
01-Jul-2020 16:54:50.055 INFORMACIÓN [main] org.apache.catalina.startup.VersionLoggerListener.log Command line argument: -Dcatalina.base=/Users/joaoemilio/wso2/projects/banco-pichincha/capacitacion/talos/apps/tomcat
01-Jul-2020 16:54:50.055 INFORMACIÓN [main] org.apache.catalina.startup.VersionLoggerListener.log Command line argument: -Dcatalina.home=/Users/joaoemilio/wso2/projects/banco-pichincha/capacitacion/talos/apps/tomcat
01-Jul-2020 16:54:50.055 INFORMACIÓN [main] org.apache.catalina.startup.VersionLoggerListener.log Command line argument: -Djava.io.tmpdir=/Users/joaoemilio/wso2/projects/banco-pichincha/capacitacion/talos/apps/tomcat/temp
01-Jul-2020 16:54:50.055 INFORMACIÓN [main] org.apache.catalina.core.AprLifecycleListener.lifecycleEvent La biblioteca nativa de Apache Tomcat basada en ARP que permite un rendimiento óptimo en entornos de desarrollo no ha sido hallada en java.library.path: [/Users/joaoemilio/Library/Java/Extensions:/Library/Java/Extensions:/Network/Library/Java/Extensions:/System/Library/Java/Extensions:/usr/lib/java:.]
01-Jul-2020 16:54:50.197 INFORMACIÓN [main] org.apache.coyote.AbstractProtocol.init Inicializando el manejador de protocolo ["http-nio-8080"]

01-Jul-2020 16:54:50.232 INFORMACIÓN [main] org.apache.tomcat.util.net.NioSelectorPool.getSharedSelector Using a shared selector for servlet write/read
01-Jul-2020 16:54:50.256 INFORMACIÓN [main] org.apache.catalina.startup.Catalina.load Initialization processed in 698 ms
01-Jul-2020 16:54:50.296 INFORMACIÓN [main] org.apache.catalina.core.StandardService.startInternal Arrancando servicio [Catalina]
01-Jul-2020 16:54:50.296 INFORMACIÓN [main] org.apache.catalina.core.StandardEngine.startInternal Starting Servlet Engine: Apache Tomcat/8.5.55
01-Jul-2020 16:54:50.318 INFORMACIÓN [localhost-startStop-1] org.apache.catalina.startup.HostConfig.deployWAR Despliegue del archivo [/Users/joaoemilio/wso2/projects/banco-pichincha/capacitacion/talos/apps/tomcat/webapps/pickup-manager.war] de la aplicación web
01-Jul-2020 16:54:51.639 INFORMACIÓN [localhost-startStop-1] org.apache.jasper.servlet.TldScanner.scanJars Al menos un JAR, que se ha explorado buscando TLDs, aún no contenía TLDs. Activar historial de depuración para este historiador para una completa lista de los JARs que fueron explorados y de los que nos se halló TLDs. Saltarse JARs no necesarios durante la exploración puede dar lugar a una mejora de tiempo significativa en el arranque y compilación de JSP .
01-Jul-2020 16:54:51.642 INFORMACIÓN [localhost-startStop-1] org.wso2.sample.identity.jks.JKSLoader.contextInitialized Setting trust store path to : /Users/joaoemilio/wso2/projects/banco-pichincha/capacitacion/talos/apps/tomcat/webapps/pickup-manager/WEB-INF/classes/wso2carbon.jks
01-Jul-2020 16:54:53.892 INFORMACIÓN [localhost-startStop-1] org.apache.catalina.startup.HostConfig.deployWAR Deployment of web application archive [/Users/joaoemilio/wso2/projects/banco-pichincha/capacitacion/talos/apps/tomcat/webapps/pickup-manager.war] has finished in [3.572] ms
01-Jul-2020 16:54:53.894 INFORMACIÓN [localhost-startStop-1] org.apache.catalina.startup.HostConfig.deployWAR Despliegue del archivo [/Users/joaoemilio/wso2/projects/banco-pichincha/capacitacion/talos/apps/tomcat/webapps/pickup-dispatch.war] de la aplicación web
01-Jul-2020 16:54:55.091 INFORMACIÓN [localhost-startStop-1] org.apache.jasper.servlet.TldScanner.scanJars Al menos un JAR, que se ha explorado buscando TLDs, aún no contenía TLDs. Activar historial de depuración para este historiador para una completa lista de los JARs que fueron explorados y de los que nos se halló TLDs. Saltarse JARs no necesarios durante la exploración puede dar lugar a una mejora de tiempo significativa en el arranque y compilación de JSP .
01-Jul-2020 16:54:55.094 INFORMACIÓN [localhost-startStop-1] org.wso2.sample.identity.jks.JKSLoader.contextInitialized Setting trust store path to : /Users/joaoemilio/wso2/projects/banco-pichincha/capacitacion/talos/apps/tomcat/webapps/pickup-dispatch/WEB-INF/classes/wso2carbon.jks
01-Jul-2020 16:54:55.761 INFORMACIÓN [localhost-startStop-1] org.apache.catalina.startup.HostConfig.deployWAR Deployment of web application archive [/Users/joaoemilio/wso2/projects/banco-pichincha/capacitacion/talos/apps/tomcat/webapps/pickup-dispatch.war] has finished in [1.867] ms
01-Jul-2020 16:54:55.764 INFORMACIÓN [localhost-startStop-1] org.apache.catalina.startup.HostConfig.deployDirectory Desplegando el directorio [/Users/joaoemilio/wso2/projects/banco-pichincha/capacitacion/talos/apps/tomcat/webapps/docs] de la aplicación web
01-Jul-2020 16:54:55.848 INFORMACIÓN [localhost-startStop-1] org.apache.catalina.startup.HostConfig.deployDirectory Deployment of web application directory [/Users/joaoemilio/wso2/projects/banco-pichincha/capacitacion/talos/apps/tomcat/webapps/docs] has finished in [85] ms
01-Jul-2020 16:54:55.849 INFORMACIÓN [localhost-startStop-1] org.apache.catalina.startup.HostConfig.deployDirectory Desplegando el directorio [/Users/joaoemilio/wso2/projects/banco-pichincha/capacitacion/talos/apps/tomcat/webapps/manager] de la aplicación web
01-Jul-2020 16:54:55.891 INFORMACIÓN [localhost-startStop-1] org.apache.catalina.startup.HostConfig.deployDirectory Deployment of web application directory [/Users/joaoemilio/wso2/projects/banco-pichincha/capacitacion/talos/apps/tomcat/webapps/manager] has finished in [41] ms
01-Jul-2020 16:54:55.891 INFORMACIÓN [localhost-startStop-1] org.apache.catalina.startup.HostConfig.deployDirectory Desplegando el directorio [/Users/joaoemilio/wso2/projects/banco-pichincha/capacitacion/talos/apps/tomcat/webapps/examples] de la aplicación web
01-Jul-2020 16:54:56.319 INFORMACIÓN [localhost-startStop-1] org.apache.catalina.startup.HostConfig.deployDirectory Deployment of web application directory [/Users/joaoemilio/wso2/projects/banco-pichincha/capacitacion/talos/apps/tomcat/webapps/examples] has finished in [428] ms
01-Jul-2020 16:54:56.319 INFORMACIÓN [localhost-startStop-1] org.apache.catalina.startup.HostConfig.deployDirectory Desplegando el directorio [/Users/joaoemilio/wso2/projects/banco-pichincha/capacitacion/talos/apps/tomcat/webapps/ROOT] de la aplicación web
01-Jul-2020 16:54:56.351 INFORMACIÓN [localhost-startStop-1] org.apache.catalina.startup.HostConfig.deployDirectory Deployment of web application directory [/Users/joaoemilio/wso2/projects/banco-pichincha/capacitacion/talos/apps/tomcat/webapps/ROOT] has finished in [31] ms
01-Jul-2020 16:54:56.351 INFORMACIÓN [localhost-startStop-1] org.apache.catalina.startup.HostConfig.deployDirectory Desplegando el directorio [/Users/joaoemilio/wso2/projects/banco-pichincha/capacitacion/talos/apps/tomcat/webapps/host-manager] de la aplicación web
01-Jul-2020 16:54:56.418 INFORMACIÓN [localhost-startStop-1] org.apache.catalina.startup.HostConfig.deployDirectory Deployment of web application directory [/Users/joaoemilio/wso2/projects/banco-pichincha/capacitacion/talos/apps/tomcat/webapps/host-manager] has finished in [66] ms
01-Jul-2020 16:54:56.430 INFORMACIÓN [main] org.apache.coyote.AbstractProtocol.start Starting ProtocolHandler ["http-nio-8080"]
01-Jul-2020 16:54:56.441 INFORMACIÓN [main] org.apache.catalina.startup.Catalina.start Server startup in 6185 ms
01-Jul-2020 16:55:50.019 INFORMACIÓN [Thread-4] org.apache.coyote.AbstractProtocol.pause Pausing ProtocolHandler ["http-nio-8080"]
01-Jul-2020 16:55:50.027 INFORMACIÓN [Thread-4] org.apache.catalina.core.StandardService.stopInternal Parando servicio [Catalina]
01-Jul-2020 16:55:50.076 INFORMACIÓN [Thread-4] org.apache.coyote.AbstractProtocol.stop Stopping ProtocolHandler ["http-nio-8080"]
01-Jul-2020 16:55:50.079 INFORMACIÓN [Thread-4] org.apache.coyote.AbstractProtocol.destroy Destroying ProtocolHandler ["http-nio-8080"]
01-Jul-2020 16:55:51.634 INFORMACIÓN [main] org.apache.catalina.startup.VersionLoggerListener.log Nombre de la versión del servidor:   Apache Tomcat/8.5.55

01-Jul-2020 16:55:51.637 INFORMACIÓN [main] org.apache.catalina.startup.VersionLoggerListener.log Server built:          May 5 2020 22:10:54 UTC
01-Jul-2020 16:55:51.637 INFORMACIÓN [main] org.apache.catalina.startup.VersionLoggerListener.log Número de versión de servidor:         8.5.55.0
01-Jul-2020 16:55:51.637 INFORMACIÓN [main] org.apache.catalina.startup.VersionLoggerListener.log OS Name:               Mac OS X
01-Jul-2020 16:55:51.637 INFORMACIÓN [main] org.apache.catalina.startup.VersionLoggerListener.log Versión de Systema Operativo:      10.14.6

01-Jul-2020 16:55:51.637 INFORMACIÓN [main] org.apache.catalina.startup.VersionLoggerListener.log Arquitectura:          x86_64

01-Jul-2020 16:55:51.637 INFORMACIÓN [main] org.apache.catalina.startup.VersionLoggerListener.log Java Home:             /Library/Java/JavaVirtualMachines/jdk1.8.0_144.jdk/Contents/Home/jre
01-Jul-2020 16:55:51.638 INFORMACIÓN [main] org.apache.catalina.startup.VersionLoggerListener.log JVM Version:           1.8.0_144-b01
01-Jul-2020 16:55:51.638 INFORMACIÓN [main] org.apache.catalina.startup.VersionLoggerListener.log Vededor JVM:     Oracle Corporation
01-Jul-2020 16:55:51.638 INFORMACIÓN [main] org.apache.catalina.startup.VersionLoggerListener.log CATALINA_BASE:         /Users/joaoemilio/wso2/projects/banco-pichincha/capacitacion/talos/apps/tomcat
01-Jul-2020 16:55:51.638 INFORMACIÓN [main] org.apache.catalina.startup.VersionLoggerListener.log CATALINA_HOME:         /Users/joaoemilio/wso2/projects/banco-pichincha/capacitacion/talos/apps/tomcat
01-Jul-2020 16:55:51.639 INFORMACIÓN [main] org.apache.catalina.startup.VersionLoggerListener.log Command line argument: -Djava.util.logging.config.file=/Users/joaoemilio/wso2/projects/banco-pichincha/capacitacion/talos/apps/tomcat/conf/logging.properties
01-Jul-2020 16:55:51.639 INFORMACIÓN [main] org.apache.catalina.startup.VersionLoggerListener.log Command line argument: -Djava.util.logging.manager=org.apache.juli.ClassLoaderLogManager
01-Jul-2020 16:55:51.640 INFORMACIÓN [main] org.apache.catalina.startup.VersionLoggerListener.log Command line argument: -Djdk.tls.ephemeralDHKeySize=2048
01-Jul-2020 16:55:51.640 INFORMACIÓN [main] org.apache.catalina.startup.VersionLoggerListener.log Command line argument: -Djava.protocol.handler.pkgs=org.apache.catalina.webresources
01-Jul-2020 16:55:51.640 INFORMACIÓN [main] org.apache.catalina.startup.VersionLoggerListener.log Command line argument: -Dorg.apache.catalina.security.SecurityListener.UMASK=0027
01-Jul-2020 16:55:51.640 INFORMACIÓN [main] org.apache.catalina.startup.VersionLoggerListener.log Command line argument: -Dignore.endorsed.dirs=
01-Jul-2020 16:55:51.656 INFORMACIÓN [main] org.apache.catalina.startup.VersionLoggerListener.log Command line argument: -Dcatalina.base=/Users/joaoemilio/wso2/projects/banco-pichincha/capacitacion/talos/apps/tomcat
01-Jul-2020 16:55:51.656 INFORMACIÓN [main] org.apache.catalina.startup.VersionLoggerListener.log Command line argument: -Dcatalina.home=/Users/joaoemilio/wso2/projects/banco-pichincha/capacitacion/talos/apps/tomcat
01-Jul-2020 16:55:51.657 INFORMACIÓN [main] org.apache.catalina.startup.VersionLoggerListener.log Command line argument: -Djava.io.tmpdir=/Users/joaoemilio/wso2/projects/banco-pichincha/capacitacion/talos/apps/tomcat/temp
01-Jul-2020 16:55:51.657 INFORMACIÓN [main] org.apache.catalina.core.AprLifecycleListener.lifecycleEvent La biblioteca nativa de Apache Tomcat basada en ARP que permite un rendimiento óptimo en entornos de desarrollo no ha sido hallada en java.library.path: [/Users/joaoemilio/Library/Java/Extensions:/Library/Java/Extensions:/Network/Library/Java/Extensions:/System/Library/Java/Extensions:/usr/lib/java:.]
01-Jul-2020 16:55:51.835 INFORMACIÓN [main] org.apache.coyote.AbstractProtocol.init Inicializando el manejador de protocolo ["http-nio-8080"]

01-Jul-2020 16:55:51.893 INFORMACIÓN [main] org.apache.tomcat.util.net.NioSelectorPool.getSharedSelector Using a shared selector for servlet write/read
01-Jul-2020 16:55:52.026 INFORMACIÓN [main] org.apache.catalina.startup.Catalina.load Initialization processed in 862 ms
01-Jul-2020 16:55:52.075 INFORMACIÓN [main] org.apache.catalina.core.StandardService.startInternal Arrancando servicio [Catalina]
01-Jul-2020 16:55:52.075 INFORMACIÓN [main] org.apache.catalina.core.StandardEngine.startInternal Starting Servlet Engine: Apache Tomcat/8.5.55
01-Jul-2020 16:55:52.094 INFORMACIÓN [localhost-startStop-1] org.apache.catalina.startup.HostConfig.deployWAR Despliegue del archivo [/Users/joaoemilio/wso2/projects/banco-pichincha/capacitacion/talos/apps/tomcat/webapps/pickup-manager.war] de la aplicación web
01-Jul-2020 16:55:53.358 INFORMACIÓN [localhost-startStop-1] org.apache.jasper.servlet.TldScanner.scanJars Al menos un JAR, que se ha explorado buscando TLDs, aún no contenía TLDs. Activar historial de depuración para este historiador para una completa lista de los JARs que fueron explorados y de los que nos se halló TLDs. Saltarse JARs no necesarios durante la exploración puede dar lugar a una mejora de tiempo significativa en el arranque y compilación de JSP .
01-Jul-2020 16:55:53.362 INFORMACIÓN [localhost-startStop-1] org.wso2.sample.identity.jks.JKSLoader.contextInitialized Setting trust store path to : /Users/joaoemilio/wso2/projects/banco-pichincha/capacitacion/talos/apps/tomcat/webapps/pickup-manager/WEB-INF/classes/wso2carbon.jks
01-Jul-2020 16:55:55.038 INFORMACIÓN [localhost-startStop-1] org.apache.catalina.startup.HostConfig.deployWAR Deployment of web application archive [/Users/joaoemilio/wso2/projects/banco-pichincha/capacitacion/talos/apps/tomcat/webapps/pickup-manager.war] has finished in [2.943] ms
01-Jul-2020 16:55:55.040 INFORMACIÓN [localhost-startStop-1] org.apache.catalina.startup.HostConfig.deployWAR Despliegue del archivo [/Users/joaoemilio/wso2/projects/banco-pichincha/capacitacion/talos/apps/tomcat/webapps/pickup-dispatch.war] de la aplicación web
01-Jul-2020 16:55:55.950 INFORMACIÓN [localhost-startStop-1] org.apache.jasper.servlet.TldScanner.scanJars Al menos un JAR, que se ha explorado buscando TLDs, aún no contenía TLDs. Activar historial de depuración para este historiador para una completa lista de los JARs que fueron explorados y de los que nos se halló TLDs. Saltarse JARs no necesarios durante la exploración puede dar lugar a una mejora de tiempo significativa en el arranque y compilación de JSP .
01-Jul-2020 16:55:55.954 INFORMACIÓN [localhost-startStop-1] org.wso2.sample.identity.jks.JKSLoader.contextInitialized Setting trust store path to : /Users/joaoemilio/wso2/projects/banco-pichincha/capacitacion/talos/apps/tomcat/webapps/pickup-dispatch/WEB-INF/classes/wso2carbon.jks
01-Jul-2020 16:55:56.599 INFORMACIÓN [localhost-startStop-1] org.apache.catalina.startup.HostConfig.deployWAR Deployment of web application archive [/Users/joaoemilio/wso2/projects/banco-pichincha/capacitacion/talos/apps/tomcat/webapps/pickup-dispatch.war] has finished in [1.559] ms
01-Jul-2020 16:55:56.600 INFORMACIÓN [localhost-startStop-1] org.apache.catalina.startup.HostConfig.deployDirectory Desplegando el directorio [/Users/joaoemilio/wso2/projects/banco-pichincha/capacitacion/talos/apps/tomcat/webapps/docs] de la aplicación web
01-Jul-2020 16:55:56.617 INFORMACIÓN [localhost-startStop-1] org.apache.catalina.startup.HostConfig.deployDirectory Deployment of web application directory [/Users/joaoemilio/wso2/projects/banco-pichincha/capacitacion/talos/apps/tomcat/webapps/docs] has finished in [16] ms
01-Jul-2020 16:55:56.617 INFORMACIÓN [localhost-startStop-1] org.apache.catalina.startup.HostConfig.deployDirectory Desplegando el directorio [/Users/joaoemilio/wso2/projects/banco-pichincha/capacitacion/talos/apps/tomcat/webapps/manager] de la aplicación web
01-Jul-2020 16:55:56.657 INFORMACIÓN [localhost-startStop-1] org.apache.catalina.startup.HostConfig.deployDirectory Deployment of web application directory [/Users/joaoemilio/wso2/projects/banco-pichincha/capacitacion/talos/apps/tomcat/webapps/manager] has finished in [40] ms
01-Jul-2020 16:55:56.657 INFORMACIÓN [localhost-startStop-1] org.apache.catalina.startup.HostConfig.deployDirectory Desplegando el directorio [/Users/joaoemilio/wso2/projects/banco-pichincha/capacitacion/talos/apps/tomcat/webapps/examples] de la aplicación web
01-Jul-2020 16:55:56.896 INFORMACIÓN [localhost-startStop-1] org.apache.catalina.startup.HostConfig.deployDirectory Deployment of web application directory [/Users/joaoemilio/wso2/projects/banco-pichincha/capacitacion/talos/apps/tomcat/webapps/examples] has finished in [239] ms
01-Jul-2020 16:55:56.896 INFORMACIÓN [localhost-startStop-1] org.apache.catalina.startup.HostConfig.deployDirectory Desplegando el directorio [/Users/joaoemilio/wso2/projects/banco-pichincha/capacitacion/talos/apps/tomcat/webapps/ROOT] de la aplicación web
01-Jul-2020 16:55:56.912 INFORMACIÓN [localhost-startStop-1] org.apache.catalina.startup.HostConfig.deployDirectory Deployment of web application directory [/Users/joaoemilio/wso2/projects/banco-pichincha/capacitacion/talos/apps/tomcat/webapps/ROOT] has finished in [16] ms
01-Jul-2020 16:55:56.912 INFORMACIÓN [localhost-startStop-1] org.apache.catalina.startup.HostConfig.deployDirectory Desplegando el directorio [/Users/joaoemilio/wso2/projects/banco-pichincha/capacitacion/talos/apps/tomcat/webapps/host-manager] de la aplicación web
01-Jul-2020 16:55:56.934 INFORMACIÓN [localhost-startStop-1] org.apache.catalina.startup.HostConfig.deployDirectory Deployment of web application directory [/Users/joaoemilio/wso2/projects/banco-pichincha/capacitacion/talos/apps/tomcat/webapps/host-manager] has finished in [22] ms
01-Jul-2020 16:55:56.944 INFORMACIÓN [main] org.apache.coyote.AbstractProtocol.start Starting ProtocolHandler ["http-nio-8080"]
01-Jul-2020 16:55:56.957 INFORMACIÓN [main] org.apache.catalina.startup.Catalina.start Server startup in 4931 ms
01-Jul-2020 16:57:35.239 INFORMACIÓN [Thread-4] org.apache.coyote.AbstractProtocol.pause Pausing ProtocolHandler ["http-nio-8080"]
01-Jul-2020 16:57:35.246 INFORMACIÓN [Thread-4] org.apache.catalina.core.StandardService.stopInternal Parando servicio [Catalina]
01-Jul-2020 16:57:35.297 INFORMACIÓN [Thread-4] org.apache.coyote.AbstractProtocol.stop Stopping ProtocolHandler ["http-nio-8080"]
01-Jul-2020 16:57:35.302 INFORMACIÓN [Thread-4] org.apache.coyote.AbstractProtocol.destroy Destroying ProtocolHandler ["http-nio-8080"]
01-Jul-2020 16:57:37.124 INFORMACIÓN [main] org.apache.catalina.startup.VersionLoggerListener.log Nombre de la versión del servidor:   Apache Tomcat/8.5.55

01-Jul-2020 16:57:37.126 INFORMACIÓN [main] org.apache.catalina.startup.VersionLoggerListener.log Server built:          May 5 2020 22:10:54 UTC
01-Jul-2020 16:57:37.126 INFORMACIÓN [main] org.apache.catalina.startup.VersionLoggerListener.log Número de versión de servidor:         8.5.55.0
01-Jul-2020 16:57:37.126 INFORMACIÓN [main] org.apache.catalina.startup.VersionLoggerListener.log OS Name:               Mac OS X
01-Jul-2020 16:57:37.126 INFORMACIÓN [main] org.apache.catalina.startup.VersionLoggerListener.log Versión de Systema Operativo:      10.14.6

01-Jul-2020 16:57:37.127 INFORMACIÓN [main] org.apache.catalina.startup.VersionLoggerListener.log Arquitectura:          x86_64

01-Jul-2020 16:57:37.127 INFORMACIÓN [main] org.apache.catalina.startup.VersionLoggerListener.log Java Home:             /Library/Java/JavaVirtualMachines/jdk1.8.0_144.jdk/Contents/Home/jre
01-Jul-2020 16:57:37.127 INFORMACIÓN [main] org.apache.catalina.startup.VersionLoggerListener.log JVM Version:           1.8.0_144-b01
01-Jul-2020 16:57:37.127 INFORMACIÓN [main] org.apache.catalina.startup.VersionLoggerListener.log Vededor JVM:     Oracle Corporation
01-Jul-2020 16:57:37.127 INFORMACIÓN [main] org.apache.catalina.startup.VersionLoggerListener.log CATALINA_BASE:         /Users/joaoemilio/wso2/projects/banco-pichincha/capacitacion/talos/apps/tomcat
01-Jul-2020 16:57:37.127 INFORMACIÓN [main] org.apache.catalina.startup.VersionLoggerListener.log CATALINA_HOME:         /Users/joaoemilio/wso2/projects/banco-pichincha/capacitacion/talos/apps/tomcat
01-Jul-2020 16:57:37.128 INFORMACIÓN [main] org.apache.catalina.startup.VersionLoggerListener.log Command line argument: -Djava.util.logging.config.file=/Users/joaoemilio/wso2/projects/banco-pichincha/capacitacion/talos/apps/tomcat/conf/logging.properties
01-Jul-2020 16:57:37.128 INFORMACIÓN [main] org.apache.catalina.startup.VersionLoggerListener.log Command line argument: -Djava.util.logging.manager=org.apache.juli.ClassLoaderLogManager
01-Jul-2020 16:57:37.128 INFORMACIÓN [main] org.apache.catalina.startup.VersionLoggerListener.log Command line argument: -Djdk.tls.ephemeralDHKeySize=2048
01-Jul-2020 16:57:37.128 INFORMACIÓN [main] org.apache.catalina.startup.VersionLoggerListener.log Command line argument: -Djava.protocol.handler.pkgs=org.apache.catalina.webresources
01-Jul-2020 16:57:37.128 INFORMACIÓN [main] org.apache.catalina.startup.VersionLoggerListener.log Command line argument: -Dorg.apache.catalina.security.SecurityListener.UMASK=0027
01-Jul-2020 16:57:37.129 INFORMACIÓN [main] org.apache.catalina.startup.VersionLoggerListener.log Command line argument: -Dignore.endorsed.dirs=
01-Jul-2020 16:57:37.144 INFORMACIÓN [main] org.apache.catalina.startup.VersionLoggerListener.log Command line argument: -Dcatalina.base=/Users/joaoemilio/wso2/projects/banco-pichincha/capacitacion/talos/apps/tomcat
01-Jul-2020 16:57:37.144 INFORMACIÓN [main] org.apache.catalina.startup.VersionLoggerListener.log Command line argument: -Dcatalina.home=/Users/joaoemilio/wso2/projects/banco-pichincha/capacitacion/talos/apps/tomcat
01-Jul-2020 16:57:37.144 INFORMACIÓN [main] org.apache.catalina.startup.VersionLoggerListener.log Command line argument: -Djava.io.tmpdir=/Users/joaoemilio/wso2/projects/banco-pichincha/capacitacion/talos/apps/tomcat/temp
01-Jul-2020 16:57:37.145 INFORMACIÓN [main] org.apache.catalina.core.AprLifecycleListener.lifecycleEvent La biblioteca nativa de Apache Tomcat basada en ARP que permite un rendimiento óptimo en entornos de desarrollo no ha sido hallada en java.library.path: [/Users/joaoemilio/Library/Java/Extensions:/Library/Java/Extensions:/Network/Library/Java/Extensions:/System/Library/Java/Extensions:/usr/lib/java:.]
01-Jul-2020 16:57:37.274 INFORMACIÓN [main] org.apache.coyote.AbstractProtocol.init Inicializando el manejador de protocolo ["http-nio-8080"]

01-Jul-2020 16:57:37.301 INFORMACIÓN [main] org.apache.tomcat.util.net.NioSelectorPool.getSharedSelector Using a shared selector for servlet write/read
01-Jul-2020 16:57:37.327 INFORMACIÓN [main] org.apache.catalina.startup.Catalina.load Initialization processed in 638 ms
01-Jul-2020 16:57:37.373 INFORMACIÓN [main] org.apache.catalina.core.StandardService.startInternal Arrancando servicio [Catalina]
01-Jul-2020 16:57:37.373 INFORMACIÓN [main] org.apache.catalina.core.StandardEngine.startInternal Starting Servlet Engine: Apache Tomcat/8.5.55
01-Jul-2020 16:57:37.396 INFORMACIÓN [localhost-startStop-1] org.apache.catalina.startup.HostConfig.deployWAR Despliegue del archivo [/Users/joaoemilio/wso2/projects/banco-pichincha/capacitacion/talos/apps/tomcat/webapps/pickup-manager.war] de la aplicación web
01-Jul-2020 16:57:38.607 INFORMACIÓN [localhost-startStop-1] org.apache.jasper.servlet.TldScanner.scanJars Al menos un JAR, que se ha explorado buscando TLDs, aún no contenía TLDs. Activar historial de depuración para este historiador para una completa lista de los JARs que fueron explorados y de los que nos se halló TLDs. Saltarse JARs no necesarios durante la exploración puede dar lugar a una mejora de tiempo significativa en el arranque y compilación de JSP .
01-Jul-2020 16:57:38.611 INFORMACIÓN [localhost-startStop-1] org.wso2.sample.identity.jks.JKSLoader.contextInitialized Setting trust store path to : /Users/joaoemilio/wso2/projects/banco-pichincha/capacitacion/talos/apps/tomcat/webapps/pickup-manager/WEB-INF/classes/wso2carbon.jks
01-Jul-2020 16:57:41.169 INFORMACIÓN [localhost-startStop-1] org.apache.catalina.startup.HostConfig.deployWAR Deployment of web application archive [/Users/joaoemilio/wso2/projects/banco-pichincha/capacitacion/talos/apps/tomcat/webapps/pickup-manager.war] has finished in [3.772] ms
01-Jul-2020 16:57:41.170 INFORMACIÓN [localhost-startStop-1] org.apache.catalina.startup.HostConfig.deployWAR Despliegue del archivo [/Users/joaoemilio/wso2/projects/banco-pichincha/capacitacion/talos/apps/tomcat/webapps/pickup-dispatch.war] de la aplicación web
01-Jul-2020 16:57:42.079 INFORMACIÓN [localhost-startStop-1] org.apache.jasper.servlet.TldScanner.scanJars Al menos un JAR, que se ha explorado buscando TLDs, aún no contenía TLDs. Activar historial de depuración para este historiador para una completa lista de los JARs que fueron explorados y de los que nos se halló TLDs. Saltarse JARs no necesarios durante la exploración puede dar lugar a una mejora de tiempo significativa en el arranque y compilación de JSP .
01-Jul-2020 16:57:42.082 INFORMACIÓN [localhost-startStop-1] org.wso2.sample.identity.jks.JKSLoader.contextInitialized Setting trust store path to : /Users/joaoemilio/wso2/projects/banco-pichincha/capacitacion/talos/apps/tomcat/webapps/pickup-dispatch/WEB-INF/classes/wso2carbon.jks
01-Jul-2020 16:57:43.155 INFORMACIÓN [localhost-startStop-1] org.apache.catalina.startup.HostConfig.deployWAR Deployment of web application archive [/Users/joaoemilio/wso2/projects/banco-pichincha/capacitacion/talos/apps/tomcat/webapps/pickup-dispatch.war] has finished in [1.985] ms
01-Jul-2020 16:57:43.156 INFORMACIÓN [localhost-startStop-1] org.apache.catalina.startup.HostConfig.deployDirectory Desplegando el directorio [/Users/joaoemilio/wso2/projects/banco-pichincha/capacitacion/talos/apps/tomcat/webapps/docs] de la aplicación web
01-Jul-2020 16:57:43.173 INFORMACIÓN [localhost-startStop-1] org.apache.catalina.startup.HostConfig.deployDirectory Deployment of web application directory [/Users/joaoemilio/wso2/projects/banco-pichincha/capacitacion/talos/apps/tomcat/webapps/docs] has finished in [17] ms
01-Jul-2020 16:57:43.174 INFORMACIÓN [localhost-startStop-1] org.apache.catalina.startup.HostConfig.deployDirectory Desplegando el directorio [/Users/joaoemilio/wso2/projects/banco-pichincha/capacitacion/talos/apps/tomcat/webapps/manager] de la aplicación web
01-Jul-2020 16:57:43.219 INFORMACIÓN [localhost-startStop-1] org.apache.catalina.startup.HostConfig.deployDirectory Deployment of web application directory [/Users/joaoemilio/wso2/projects/banco-pichincha/capacitacion/talos/apps/tomcat/webapps/manager] has finished in [45] ms
01-Jul-2020 16:57:43.219 INFORMACIÓN [localhost-startStop-1] org.apache.catalina.startup.HostConfig.deployDirectory Desplegando el directorio [/Users/joaoemilio/wso2/projects/banco-pichincha/capacitacion/talos/apps/tomcat/webapps/examples] de la aplicación web
01-Jul-2020 16:57:43.924 INFORMACIÓN [localhost-startStop-1] org.apache.catalina.startup.HostConfig.deployDirectory Deployment of web application directory [/Users/joaoemilio/wso2/projects/banco-pichincha/capacitacion/talos/apps/tomcat/webapps/examples] has finished in [705] ms
01-Jul-2020 16:57:43.925 INFORMACIÓN [localhost-startStop-1] org.apache.catalina.startup.HostConfig.deployDirectory Desplegando el directorio [/Users/joaoemilio/wso2/projects/banco-pichincha/capacitacion/talos/apps/tomcat/webapps/ROOT] de la aplicación web
01-Jul-2020 16:57:43.950 INFORMACIÓN [localhost-startStop-1] org.apache.catalina.startup.HostConfig.deployDirectory Deployment of web application directory [/Users/joaoemilio/wso2/projects/banco-pichincha/capacitacion/talos/apps/tomcat/webapps/ROOT] has finished in [26] ms
01-Jul-2020 16:57:43.951 INFORMACIÓN [localhost-startStop-1] org.apache.catalina.startup.HostConfig.deployDirectory Desplegando el directorio [/Users/joaoemilio/wso2/projects/banco-pichincha/capacitacion/talos/apps/tomcat/webapps/host-manager] de la aplicación web
01-Jul-2020 16:57:43.983 INFORMACIÓN [localhost-startStop-1] org.apache.catalina.startup.HostConfig.deployDirectory Deployment of web application directory [/Users/joaoemilio/wso2/projects/banco-pichincha/capacitacion/talos/apps/tomcat/webapps/host-manager] has finished in [32] ms
01-Jul-2020 16:57:43.989 INFORMACIÓN [main] org.apache.coyote.AbstractProtocol.start Starting ProtocolHandler ["http-nio-8080"]
01-Jul-2020 16:57:44.007 INFORMACIÓN [main] org.apache.catalina.startup.Catalina.start Server startup in 6679 ms
01-Jul-2020 16:59:51.778 INFORMACIÓN [Thread-4] org.apache.coyote.AbstractProtocol.pause Pausing ProtocolHandler ["http-nio-8080"]
01-Jul-2020 16:59:51.787 INFORMACIÓN [Thread-4] org.apache.catalina.core.StandardService.stopInternal Parando servicio [Catalina]
01-Jul-2020 16:59:51.852 INFORMACIÓN [Thread-4] org.apache.coyote.AbstractProtocol.stop Stopping ProtocolHandler ["http-nio-8080"]
01-Jul-2020 16:59:51.856 INFORMACIÓN [Thread-4] org.apache.coyote.AbstractProtocol.destroy Destroying ProtocolHandler ["http-nio-8080"]
