02-Jun-2020 13:55:45.410 INFORMACIÓN [main] org.apache.catalina.startup.VersionLoggerListener.log Nombre de la versión del servidor:   Apache Tomcat/8.5.55

02-Jun-2020 13:55:45.412 INFORMACIÓN [main] org.apache.catalina.startup.VersionLoggerListener.log Server built:          May 5 2020 22:10:54 UTC
02-Jun-2020 13:55:45.412 INFORMACIÓN [main] org.apache.catalina.startup.VersionLoggerListener.log Número de versión de servidor:         8.5.55.0
02-Jun-2020 13:55:45.412 INFORMACIÓN [main] org.apache.catalina.startup.VersionLoggerListener.log OS Name:               Mac OS X
02-Jun-2020 13:55:45.412 INFORMACIÓN [main] org.apache.catalina.startup.VersionLoggerListener.log Versión de Systema Operativo:      10.14.6

02-Jun-2020 13:55:45.413 INFORMACIÓN [main] org.apache.catalina.startup.VersionLoggerListener.log Arquitectura:          x86_64

02-Jun-2020 13:55:45.413 INFORMACIÓN [main] org.apache.catalina.startup.VersionLoggerListener.log Java Home:             /Library/Java/JavaVirtualMachines/jdk1.8.0_144.jdk/Contents/Home/jre
02-Jun-2020 13:55:45.413 INFORMACIÓN [main] org.apache.catalina.startup.VersionLoggerListener.log JVM Version:           1.8.0_144-b01
02-Jun-2020 13:55:45.413 INFORMACIÓN [main] org.apache.catalina.startup.VersionLoggerListener.log Vededor JVM:     Oracle Corporation
02-Jun-2020 13:55:45.413 INFORMACIÓN [main] org.apache.catalina.startup.VersionLoggerListener.log CATALINA_BASE:         /Users/joaoemilio/wso2/projects/sky/apache-tomcat-8.5.55
02-Jun-2020 13:55:45.413 INFORMACIÓN [main] org.apache.catalina.startup.VersionLoggerListener.log CATALINA_HOME:         /Users/joaoemilio/wso2/projects/sky/apache-tomcat-8.5.55
02-Jun-2020 13:55:45.414 INFORMACIÓN [main] org.apache.catalina.startup.VersionLoggerListener.log Command line argument: -Djava.util.logging.config.file=/Users/joaoemilio/wso2/projects/sky/apache-tomcat-8.5.55/conf/logging.properties
02-Jun-2020 13:55:45.414 INFORMACIÓN [main] org.apache.catalina.startup.VersionLoggerListener.log Command line argument: -Djava.util.logging.manager=org.apache.juli.ClassLoaderLogManager
02-Jun-2020 13:55:45.415 INFORMACIÓN [main] org.apache.catalina.startup.VersionLoggerListener.log Command line argument: -Djdk.tls.ephemeralDHKeySize=2048
02-Jun-2020 13:55:45.415 INFORMACIÓN [main] org.apache.catalina.startup.VersionLoggerListener.log Command line argument: -Djava.protocol.handler.pkgs=org.apache.catalina.webresources
02-Jun-2020 13:55:45.415 INFORMACIÓN [main] org.apache.catalina.startup.VersionLoggerListener.log Command line argument: -Dorg.apache.catalina.security.SecurityListener.UMASK=0027
02-Jun-2020 13:55:45.415 INFORMACIÓN [main] org.apache.catalina.startup.VersionLoggerListener.log Command line argument: -Dignore.endorsed.dirs=
02-Jun-2020 13:55:45.419 INFORMACIÓN [main] org.apache.catalina.startup.VersionLoggerListener.log Command line argument: -Dcatalina.base=/Users/joaoemilio/wso2/projects/sky/apache-tomcat-8.5.55
02-Jun-2020 13:55:45.419 INFORMACIÓN [main] org.apache.catalina.startup.VersionLoggerListener.log Command line argument: -Dcatalina.home=/Users/joaoemilio/wso2/projects/sky/apache-tomcat-8.5.55
02-Jun-2020 13:55:45.419 INFORMACIÓN [main] org.apache.catalina.startup.VersionLoggerListener.log Command line argument: -Djava.io.tmpdir=/Users/joaoemilio/wso2/projects/sky/apache-tomcat-8.5.55/temp
02-Jun-2020 13:55:45.419 INFORMACIÓN [main] org.apache.catalina.core.AprLifecycleListener.lifecycleEvent La biblioteca nativa de Apache Tomcat basada en ARP que permite un rendimiento óptimo en entornos de desarrollo no ha sido hallada en java.library.path: [/Users/joaoemilio/Library/Java/Extensions:/Library/Java/Extensions:/Network/Library/Java/Extensions:/System/Library/Java/Extensions:/usr/lib/java:.]
02-Jun-2020 13:55:45.554 INFORMACIÓN [main] org.apache.coyote.AbstractProtocol.init Inicializando el manejador de protocolo ["http-nio-8080"]

02-Jun-2020 13:55:45.587 INFORMACIÓN [main] org.apache.tomcat.util.net.NioSelectorPool.getSharedSelector Using a shared selector for servlet write/read
02-Jun-2020 13:55:45.633 INFORMACIÓN [main] org.apache.catalina.startup.Catalina.load Initialization processed in 619 ms
02-Jun-2020 13:55:45.686 INFORMACIÓN [main] org.apache.catalina.core.StandardService.startInternal Arrancando servicio [Catalina]
02-Jun-2020 13:55:45.686 INFORMACIÓN [main] org.apache.catalina.core.StandardEngine.startInternal Starting Servlet Engine: Apache Tomcat/8.5.55
02-Jun-2020 13:55:45.714 INFORMACIÓN [localhost-startStop-1] org.apache.catalina.startup.HostConfig.deployWAR Despliegue del archivo [/Users/joaoemilio/wso2/projects/sky/apache-tomcat-8.5.55/webapps/pickup-manager.war] de la aplicación web
02-Jun-2020 13:55:47.093 INFORMACIÓN [localhost-startStop-1] org.apache.jasper.servlet.TldScanner.scanJars Al menos un JAR, que se ha explorado buscando TLDs, aún no contenía TLDs. Activar historial de depuración para este historiador para una completa lista de los JARs que fueron explorados y de los que nos se halló TLDs. Saltarse JARs no necesarios durante la exploración puede dar lugar a una mejora de tiempo significativa en el arranque y compilación de JSP .
02-Jun-2020 13:55:47.100 INFORMACIÓN [localhost-startStop-1] org.wso2.sample.identity.jks.JKSLoader.contextInitialized Setting trust store path to : /Users/joaoemilio/wso2/projects/sky/apache-tomcat-8.5.55/webapps/pickup-manager/WEB-INF/classes/wso2carbon.jks
02-Jun-2020 13:55:48.186 INFORMACIÓN [localhost-startStop-1] org.apache.catalina.startup.HostConfig.deployWAR Deployment of web application archive [/Users/joaoemilio/wso2/projects/sky/apache-tomcat-8.5.55/webapps/pickup-manager.war] has finished in [2.470] ms
02-Jun-2020 13:55:48.186 INFORMACIÓN [localhost-startStop-1] org.apache.catalina.startup.HostConfig.deployWAR Despliegue del archivo [/Users/joaoemilio/wso2/projects/sky/apache-tomcat-8.5.55/webapps/pickup-dispatch.war] de la aplicación web
02-Jun-2020 13:55:49.115 INFORMACIÓN [localhost-startStop-1] org.apache.jasper.servlet.TldScanner.scanJars Al menos un JAR, que se ha explorado buscando TLDs, aún no contenía TLDs. Activar historial de depuración para este historiador para una completa lista de los JARs que fueron explorados y de los que nos se halló TLDs. Saltarse JARs no necesarios durante la exploración puede dar lugar a una mejora de tiempo significativa en el arranque y compilación de JSP .
02-Jun-2020 13:55:49.119 INFORMACIÓN [localhost-startStop-1] org.wso2.sample.identity.jks.JKSLoader.contextInitialized Setting trust store path to : /Users/joaoemilio/wso2/projects/sky/apache-tomcat-8.5.55/webapps/pickup-dispatch/WEB-INF/classes/wso2carbon.jks
02-Jun-2020 13:55:49.388 INFORMACIÓN [localhost-startStop-1] org.apache.catalina.startup.HostConfig.deployWAR Deployment of web application archive [/Users/joaoemilio/wso2/projects/sky/apache-tomcat-8.5.55/webapps/pickup-dispatch.war] has finished in [1.202] ms
02-Jun-2020 13:55:49.389 INFORMACIÓN [localhost-startStop-1] org.apache.catalina.startup.HostConfig.deployDirectory Desplegando el directorio [/Users/joaoemilio/wso2/projects/sky/apache-tomcat-8.5.55/webapps/docs] de la aplicación web
02-Jun-2020 13:55:49.410 INFORMACIÓN [localhost-startStop-1] org.apache.catalina.startup.HostConfig.deployDirectory Deployment of web application directory [/Users/joaoemilio/wso2/projects/sky/apache-tomcat-8.5.55/webapps/docs] has finished in [21] ms
02-Jun-2020 13:55:49.410 INFORMACIÓN [localhost-startStop-1] org.apache.catalina.startup.HostConfig.deployDirectory Desplegando el directorio [/Users/joaoemilio/wso2/projects/sky/apache-tomcat-8.5.55/webapps/manager] de la aplicación web
02-Jun-2020 13:55:49.449 INFORMACIÓN [localhost-startStop-1] org.apache.catalina.startup.HostConfig.deployDirectory Deployment of web application directory [/Users/joaoemilio/wso2/projects/sky/apache-tomcat-8.5.55/webapps/manager] has finished in [39] ms
02-Jun-2020 13:55:49.450 INFORMACIÓN [localhost-startStop-1] org.apache.catalina.startup.HostConfig.deployDirectory Desplegando el directorio [/Users/joaoemilio/wso2/projects/sky/apache-tomcat-8.5.55/webapps/examples] de la aplicación web
02-Jun-2020 13:55:49.665 INFORMACIÓN [localhost-startStop-1] org.apache.catalina.startup.HostConfig.deployDirectory Deployment of web application directory [/Users/joaoemilio/wso2/projects/sky/apache-tomcat-8.5.55/webapps/examples] has finished in [214] ms
02-Jun-2020 13:55:49.665 INFORMACIÓN [localhost-startStop-1] org.apache.catalina.startup.HostConfig.deployDirectory Desplegando el directorio [/Users/joaoemilio/wso2/projects/sky/apache-tomcat-8.5.55/webapps/ROOT] de la aplicación web
02-Jun-2020 13:55:49.680 INFORMACIÓN [localhost-startStop-1] org.apache.catalina.startup.HostConfig.deployDirectory Deployment of web application directory [/Users/joaoemilio/wso2/projects/sky/apache-tomcat-8.5.55/webapps/ROOT] has finished in [15] ms
02-Jun-2020 13:55:49.681 INFORMACIÓN [localhost-startStop-1] org.apache.catalina.startup.HostConfig.deployDirectory Desplegando el directorio [/Users/joaoemilio/wso2/projects/sky/apache-tomcat-8.5.55/webapps/host-manager] de la aplicación web
02-Jun-2020 13:55:49.701 INFORMACIÓN [localhost-startStop-1] org.apache.catalina.startup.HostConfig.deployDirectory Deployment of web application directory [/Users/joaoemilio/wso2/projects/sky/apache-tomcat-8.5.55/webapps/host-manager] has finished in [19] ms
02-Jun-2020 13:55:49.706 INFORMACIÓN [main] org.apache.coyote.AbstractProtocol.start Starting ProtocolHandler ["http-nio-8080"]
02-Jun-2020 13:55:49.714 INFORMACIÓN [main] org.apache.catalina.startup.Catalina.start Server startup in 4081 ms
02-Jun-2020 13:56:32.312 INFORMACIÓN [Thread-4] org.apache.coyote.AbstractProtocol.pause Pausing ProtocolHandler ["http-nio-8080"]
02-Jun-2020 13:56:32.320 INFORMACIÓN [Thread-4] org.apache.catalina.core.StandardService.stopInternal Parando servicio [Catalina]
02-Jun-2020 13:56:32.361 INFORMACIÓN [Thread-4] org.apache.coyote.AbstractProtocol.stop Stopping ProtocolHandler ["http-nio-8080"]
02-Jun-2020 13:56:32.366 INFORMACIÓN [Thread-4] org.apache.coyote.AbstractProtocol.destroy Destroying ProtocolHandler ["http-nio-8080"]
02-Jun-2020 13:56:33.856 INFORMACIÓN [main] org.apache.catalina.startup.VersionLoggerListener.log Nombre de la versión del servidor:   Apache Tomcat/8.5.55

02-Jun-2020 13:56:33.859 INFORMACIÓN [main] org.apache.catalina.startup.VersionLoggerListener.log Server built:          May 5 2020 22:10:54 UTC
02-Jun-2020 13:56:33.859 INFORMACIÓN [main] org.apache.catalina.startup.VersionLoggerListener.log Número de versión de servidor:         8.5.55.0
02-Jun-2020 13:56:33.859 INFORMACIÓN [main] org.apache.catalina.startup.VersionLoggerListener.log OS Name:               Mac OS X
02-Jun-2020 13:56:33.859 INFORMACIÓN [main] org.apache.catalina.startup.VersionLoggerListener.log Versión de Systema Operativo:      10.14.6

02-Jun-2020 13:56:33.859 INFORMACIÓN [main] org.apache.catalina.startup.VersionLoggerListener.log Arquitectura:          x86_64

02-Jun-2020 13:56:33.859 INFORMACIÓN [main] org.apache.catalina.startup.VersionLoggerListener.log Java Home:             /Library/Java/JavaVirtualMachines/jdk1.8.0_144.jdk/Contents/Home/jre
02-Jun-2020 13:56:33.859 INFORMACIÓN [main] org.apache.catalina.startup.VersionLoggerListener.log JVM Version:           1.8.0_144-b01
02-Jun-2020 13:56:33.860 INFORMACIÓN [main] org.apache.catalina.startup.VersionLoggerListener.log Vededor JVM:     Oracle Corporation
02-Jun-2020 13:56:33.860 INFORMACIÓN [main] org.apache.catalina.startup.VersionLoggerListener.log CATALINA_BASE:         /Users/joaoemilio/wso2/projects/sky/apache-tomcat-8.5.55
02-Jun-2020 13:56:33.860 INFORMACIÓN [main] org.apache.catalina.startup.VersionLoggerListener.log CATALINA_HOME:         /Users/joaoemilio/wso2/projects/sky/apache-tomcat-8.5.55
02-Jun-2020 13:56:33.861 INFORMACIÓN [main] org.apache.catalina.startup.VersionLoggerListener.log Command line argument: -Djava.util.logging.config.file=/Users/joaoemilio/wso2/projects/sky/apache-tomcat-8.5.55/conf/logging.properties
02-Jun-2020 13:56:33.861 INFORMACIÓN [main] org.apache.catalina.startup.VersionLoggerListener.log Command line argument: -Djava.util.logging.manager=org.apache.juli.ClassLoaderLogManager
02-Jun-2020 13:56:33.861 INFORMACIÓN [main] org.apache.catalina.startup.VersionLoggerListener.log Command line argument: -Djdk.tls.ephemeralDHKeySize=2048
02-Jun-2020 13:56:33.861 INFORMACIÓN [main] org.apache.catalina.startup.VersionLoggerListener.log Command line argument: -Djava.protocol.handler.pkgs=org.apache.catalina.webresources
02-Jun-2020 13:56:33.862 INFORMACIÓN [main] org.apache.catalina.startup.VersionLoggerListener.log Command line argument: -Dorg.apache.catalina.security.SecurityListener.UMASK=0027
02-Jun-2020 13:56:33.862 INFORMACIÓN [main] org.apache.catalina.startup.VersionLoggerListener.log Command line argument: -Dignore.endorsed.dirs=
02-Jun-2020 13:56:33.866 INFORMACIÓN [main] org.apache.catalina.startup.VersionLoggerListener.log Command line argument: -Dcatalina.base=/Users/joaoemilio/wso2/projects/sky/apache-tomcat-8.5.55
02-Jun-2020 13:56:33.867 INFORMACIÓN [main] org.apache.catalina.startup.VersionLoggerListener.log Command line argument: -Dcatalina.home=/Users/joaoemilio/wso2/projects/sky/apache-tomcat-8.5.55
02-Jun-2020 13:56:33.867 INFORMACIÓN [main] org.apache.catalina.startup.VersionLoggerListener.log Command line argument: -Djava.io.tmpdir=/Users/joaoemilio/wso2/projects/sky/apache-tomcat-8.5.55/temp
02-Jun-2020 13:56:33.867 INFORMACIÓN [main] org.apache.catalina.core.AprLifecycleListener.lifecycleEvent La biblioteca nativa de Apache Tomcat basada en ARP que permite un rendimiento óptimo en entornos de desarrollo no ha sido hallada en java.library.path: [/Users/joaoemilio/Library/Java/Extensions:/Library/Java/Extensions:/Network/Library/Java/Extensions:/System/Library/Java/Extensions:/usr/lib/java:.]
02-Jun-2020 13:56:33.997 INFORMACIÓN [main] org.apache.coyote.AbstractProtocol.init Inicializando el manejador de protocolo ["http-nio-8080"]

02-Jun-2020 13:56:34.025 INFORMACIÓN [main] org.apache.tomcat.util.net.NioSelectorPool.getSharedSelector Using a shared selector for servlet write/read
02-Jun-2020 13:56:34.044 INFORMACIÓN [main] org.apache.catalina.startup.Catalina.load Initialization processed in 597 ms
02-Jun-2020 13:56:34.076 INFORMACIÓN [main] org.apache.catalina.core.StandardService.startInternal Arrancando servicio [Catalina]
02-Jun-2020 13:56:34.076 INFORMACIÓN [main] org.apache.catalina.core.StandardEngine.startInternal Starting Servlet Engine: Apache Tomcat/8.5.55
02-Jun-2020 13:56:34.097 INFORMACIÓN [localhost-startStop-1] org.apache.catalina.startup.HostConfig.deployWAR Despliegue del archivo [/Users/joaoemilio/wso2/projects/sky/apache-tomcat-8.5.55/webapps/pickup-manager.war] de la aplicación web
02-Jun-2020 13:56:35.061 INFORMACIÓN [localhost-startStop-1] org.apache.jasper.servlet.TldScanner.scanJars Al menos un JAR, que se ha explorado buscando TLDs, aún no contenía TLDs. Activar historial de depuración para este historiador para una completa lista de los JARs que fueron explorados y de los que nos se halló TLDs. Saltarse JARs no necesarios durante la exploración puede dar lugar a una mejora de tiempo significativa en el arranque y compilación de JSP .
02-Jun-2020 13:56:35.065 INFORMACIÓN [localhost-startStop-1] org.wso2.sample.identity.jks.JKSLoader.contextInitialized Setting trust store path to : /Users/joaoemilio/wso2/projects/sky/apache-tomcat-8.5.55/webapps/pickup-manager/WEB-INF/classes/wso2carbon.jks
02-Jun-2020 13:56:35.548 INFORMACIÓN [localhost-startStop-1] org.apache.catalina.startup.HostConfig.deployWAR Deployment of web application archive [/Users/joaoemilio/wso2/projects/sky/apache-tomcat-8.5.55/webapps/pickup-manager.war] has finished in [1.450] ms
02-Jun-2020 13:56:35.549 INFORMACIÓN [localhost-startStop-1] org.apache.catalina.startup.HostConfig.deployWAR Despliegue del archivo [/Users/joaoemilio/wso2/projects/sky/apache-tomcat-8.5.55/webapps/pickup-dispatch.war] de la aplicación web
02-Jun-2020 13:56:36.218 INFORMACIÓN [localhost-startStop-1] org.apache.jasper.servlet.TldScanner.scanJars Al menos un JAR, que se ha explorado buscando TLDs, aún no contenía TLDs. Activar historial de depuración para este historiador para una completa lista de los JARs que fueron explorados y de los que nos se halló TLDs. Saltarse JARs no necesarios durante la exploración puede dar lugar a una mejora de tiempo significativa en el arranque y compilación de JSP .
02-Jun-2020 13:56:36.220 INFORMACIÓN [localhost-startStop-1] org.wso2.sample.identity.jks.JKSLoader.contextInitialized Setting trust store path to : /Users/joaoemilio/wso2/projects/sky/apache-tomcat-8.5.55/webapps/pickup-dispatch/WEB-INF/classes/wso2carbon.jks
02-Jun-2020 13:56:36.455 INFORMACIÓN [localhost-startStop-1] org.apache.catalina.startup.HostConfig.deployWAR Deployment of web application archive [/Users/joaoemilio/wso2/projects/sky/apache-tomcat-8.5.55/webapps/pickup-dispatch.war] has finished in [906] ms
02-Jun-2020 13:56:36.456 INFORMACIÓN [localhost-startStop-1] org.apache.catalina.startup.HostConfig.deployDirectory Desplegando el directorio [/Users/joaoemilio/wso2/projects/sky/apache-tomcat-8.5.55/webapps/docs] de la aplicación web
02-Jun-2020 13:56:36.468 INFORMACIÓN [localhost-startStop-1] org.apache.catalina.startup.HostConfig.deployDirectory Deployment of web application directory [/Users/joaoemilio/wso2/projects/sky/apache-tomcat-8.5.55/webapps/docs] has finished in [12] ms
02-Jun-2020 13:56:36.468 INFORMACIÓN [localhost-startStop-1] org.apache.catalina.startup.HostConfig.deployDirectory Desplegando el directorio [/Users/joaoemilio/wso2/projects/sky/apache-tomcat-8.5.55/webapps/manager] de la aplicación web
02-Jun-2020 13:56:36.499 INFORMACIÓN [localhost-startStop-1] org.apache.catalina.startup.HostConfig.deployDirectory Deployment of web application directory [/Users/joaoemilio/wso2/projects/sky/apache-tomcat-8.5.55/webapps/manager] has finished in [31] ms
02-Jun-2020 13:56:36.499 INFORMACIÓN [localhost-startStop-1] org.apache.catalina.startup.HostConfig.deployDirectory Desplegando el directorio [/Users/joaoemilio/wso2/projects/sky/apache-tomcat-8.5.55/webapps/examples] de la aplicación web
02-Jun-2020 13:56:36.665 INFORMACIÓN [localhost-startStop-1] org.apache.catalina.startup.HostConfig.deployDirectory Deployment of web application directory [/Users/joaoemilio/wso2/projects/sky/apache-tomcat-8.5.55/webapps/examples] has finished in [165] ms
02-Jun-2020 13:56:36.665 INFORMACIÓN [localhost-startStop-1] org.apache.catalina.startup.HostConfig.deployDirectory Desplegando el directorio [/Users/joaoemilio/wso2/projects/sky/apache-tomcat-8.5.55/webapps/ROOT] de la aplicación web
02-Jun-2020 13:56:36.678 INFORMACIÓN [localhost-startStop-1] org.apache.catalina.startup.HostConfig.deployDirectory Deployment of web application directory [/Users/joaoemilio/wso2/projects/sky/apache-tomcat-8.5.55/webapps/ROOT] has finished in [13] ms
02-Jun-2020 13:56:36.678 INFORMACIÓN [localhost-startStop-1] org.apache.catalina.startup.HostConfig.deployDirectory Desplegando el directorio [/Users/joaoemilio/wso2/projects/sky/apache-tomcat-8.5.55/webapps/host-manager] de la aplicación web
02-Jun-2020 13:56:36.696 INFORMACIÓN [localhost-startStop-1] org.apache.catalina.startup.HostConfig.deployDirectory Deployment of web application directory [/Users/joaoemilio/wso2/projects/sky/apache-tomcat-8.5.55/webapps/host-manager] has finished in [18] ms
02-Jun-2020 13:56:36.699 INFORMACIÓN [main] org.apache.coyote.AbstractProtocol.start Starting ProtocolHandler ["http-nio-8080"]
02-Jun-2020 13:56:36.710 INFORMACIÓN [main] org.apache.catalina.startup.Catalina.start Server startup in 2665 ms
02-Jun-2020 20:43:26.339 INFORMACIÓN [Thread-4] org.apache.coyote.AbstractProtocol.pause Pausing ProtocolHandler ["http-nio-8080"]
02-Jun-2020 20:43:26.374 INFORMACIÓN [Thread-4] org.apache.catalina.core.StandardService.stopInternal Parando servicio [Catalina]
02-Jun-2020 20:43:26.498 INFORMACIÓN [Thread-4] org.apache.coyote.AbstractProtocol.stop Stopping ProtocolHandler ["http-nio-8080"]
02-Jun-2020 20:43:26.507 INFORMACIÓN [Thread-4] org.apache.coyote.AbstractProtocol.destroy Destroying ProtocolHandler ["http-nio-8080"]
